------------------------------------------------------------------------------------------------------------------------

[2020-06-28 02:12:49 #1 store] 
Database 'C:\Users\Mikel Iturria\git\RepositorioBets1\Bets\Bets.odb' is opened by 14192@DESKTOP-S2ST51D

[2020-06-28 02:12:50 #2 type.registry] 
New type domain.Categoria

[2020-06-28 02:12:50 #3 type] 
Type domain.Categoria is not enhanced.

[2020-06-28 02:12:50 #4 type.registry] 
New type domain.Event

[2020-06-28 02:12:50 #5 type.registry] 
New type java.util.Vector<domain.Event>

[2020-06-28 02:12:50 #6 type] 
Type domain.Event is not enhanced.

[2020-06-28 02:12:50 #7 type.registry] 
New type domain.Question

[2020-06-28 02:12:50 #8 type.registry] 
New type java.util.Vector<domain.Question>

[2020-06-28 02:12:50 #9 type] 
Type domain.Question is not enhanced.

[2020-06-28 02:12:50 #10 type.registry] 
New type domain.Pronostico

[2020-06-28 02:12:50 #11 type.registry] 
New type java.util.Vector<domain.Pronostico>

[2020-06-28 02:12:50 #12 type] 
Type domain.Pronostico is not enhanced.

[2020-06-28 02:12:50 #13 type.registry] 
New type domain.Usuario

[2020-06-28 02:12:50 #14 type] 
Type domain.Usuario is not enhanced.

[2020-06-28 02:12:50 #15 type.registry] 
New type domain.Mensaje

[2020-06-28 02:12:50 #16 type.registry] 
New type java.util.Vector<domain.Mensaje>

[2020-06-28 02:12:50 #17 type.registry] 
New type domain.Apuestas

[2020-06-28 02:12:50 #18 type.registry] 
New type java.util.Vector<domain.Apuestas>

[2020-06-28 02:12:50 #19 type] 
Type domain.Mensaje is not enhanced.

[2020-06-28 02:12:50 #20 type] 
Type domain.Apuestas is not enhanced.

[2020-06-28 02:12:50 #21 type.registry] 
New type java.util.Vector<java.lang.Object>

